0 info it worked if it ends with ok
1 verbose cli [ 'node',
1 verbose cli   '/usr/local/bin/npm',
1 verbose cli   'install',
1 verbose cli   'cokkie-parser',
1 verbose cli   '--save' ]
2 info using npm@1.4.28
3 info using node@v0.10.36
4 warn package.json shopsample@1.0.0 No repository field.
5 warn package.json shopsample@1.0.0 No README data
6 warn package.json crypto@0.0.3 crypto is also the name of a node core module.
7 verbose readDependencies using package.json deps
8 verbose cache add [ 'cokkie-parser', null ]
9 verbose cache add name=undefined spec="cokkie-parser" args=["cokkie-parser",null]
10 verbose parsed url { protocol: null,
10 verbose parsed url   slashes: null,
10 verbose parsed url   auth: null,
10 verbose parsed url   host: null,
10 verbose parsed url   port: null,
10 verbose parsed url   hostname: null,
10 verbose parsed url   hash: null,
10 verbose parsed url   search: null,
10 verbose parsed url   query: null,
10 verbose parsed url   pathname: 'cokkie-parser',
10 verbose parsed url   path: 'cokkie-parser',
10 verbose parsed url   href: 'cokkie-parser' }
11 silly lockFile a30b5225-cokkie-parser cokkie-parser
12 verbose lock cokkie-parser /Users/iamztb/.npm/a30b5225-cokkie-parser.lock
13 silly lockFile a30b5225-cokkie-parser cokkie-parser
14 silly lockFile a30b5225-cokkie-parser cokkie-parser
15 verbose addNamed [ 'cokkie-parser', '' ]
16 verbose addNamed [ null, '*' ]
17 silly lockFile cfaeb6d1-cokkie-parser cokkie-parser@
18 verbose lock cokkie-parser@ /Users/iamztb/.npm/cfaeb6d1-cokkie-parser.lock
19 silly addNameRange { name: 'cokkie-parser', range: '*', hasData: false }
20 verbose request where is /cokkie-parser
21 verbose request registry https://registry.npmjs.org/
22 verbose request id e8733e353e7056e3
23 verbose url raw /cokkie-parser
24 verbose url resolving [ 'https://registry.npmjs.org/', './cokkie-parser' ]
25 verbose url resolved https://registry.npmjs.org/cokkie-parser
26 verbose request where is https://registry.npmjs.org/cokkie-parser
27 info trying registry request attempt 1 at 16:45:50
28 http GET https://registry.npmjs.org/cokkie-parser
29 http 404 https://registry.npmjs.org/cokkie-parser
30 verbose headers { date: 'Fri, 20 Mar 2015 08:45:51 GMT',
30 verbose headers   server: 'CouchDB/1.5.0 (Erlang OTP/R16B03)',
30 verbose headers   'content-type': 'application/json',
30 verbose headers   'cache-control': 'max-age=0',
30 verbose headers   'content-length': '51',
30 verbose headers   'accept-ranges': 'bytes',
30 verbose headers   via: '1.1 varnish',
30 verbose headers   age: '0',
30 verbose headers   'x-served-by': 'cache-hkg6820-HKG',
30 verbose headers   'x-cache': 'MISS',
30 verbose headers   'x-cache-hits': '0',
30 verbose headers   'x-timer': 'S1426841150.885107,VS0,VE254',
30 verbose headers   'keep-alive': 'timeout=10, max=50',
30 verbose headers   connection: 'Keep-Alive' }
31 silly registry.get cb [ 404,
31 silly registry.get   { date: 'Fri, 20 Mar 2015 08:45:51 GMT',
31 silly registry.get     server: 'CouchDB/1.5.0 (Erlang OTP/R16B03)',
31 silly registry.get     'content-type': 'application/json',
31 silly registry.get     'cache-control': 'max-age=0',
31 silly registry.get     'content-length': '51',
31 silly registry.get     'accept-ranges': 'bytes',
31 silly registry.get     via: '1.1 varnish',
31 silly registry.get     age: '0',
31 silly registry.get     'x-served-by': 'cache-hkg6820-HKG',
31 silly registry.get     'x-cache': 'MISS',
31 silly registry.get     'x-cache-hits': '0',
31 silly registry.get     'x-timer': 'S1426841150.885107,VS0,VE254',
31 silly registry.get     'keep-alive': 'timeout=10, max=50',
31 silly registry.get     connection: 'Keep-Alive' } ]
32 silly lockFile cfaeb6d1-cokkie-parser cokkie-parser@
33 silly lockFile cfaeb6d1-cokkie-parser cokkie-parser@
34 error 404 404 Not Found: cokkie-parser
34 error 404
34 error 404 'cokkie-parser' is not in the npm registry.
34 error 404 You should bug the author to publish it
34 error 404 It was specified as a dependency of 'shopsample'
34 error 404
34 error 404 Note that you can also install from a
34 error 404 tarball, folder, or http url, or git url.
35 error System Darwin 14.1.0
36 error command "node" "/usr/local/bin/npm" "install" "cokkie-parser" "--save"
37 error cwd /Users/iamztb/Downloads/IERG4210/shop02
38 error node -v v0.10.36
39 error npm -v 1.4.28
40 error code E404
41 verbose exit [ 1, true ]
